Using pre-set license
Built from '2021.1/staging' branch; Version is '2021.1.12f1 (afcadd793de6) revision 11520733'; Using compiler version '192528614'; Build Type 'Release'
OS: 'Windows 10 Pro Education; OS build 19043.1110; Version 2009; 64bit' Language: 'en' Physical Memory: 8077 MB
BatchMode: 1, IsHumanControllingUs: 0, StartBugReporterOnCrash: 0, Is64bit: 1, IsPro: 0

 COMMAND LINE ARGUMENTS:
C:\Program Files\Unity\Hub\Editor\2021.1.12f1\Editor\Unity.exe
-adb2
-batchMode
-noUpm
-name
AssetImportWorker1
-projectPath
E:/Game with unity/Tower Block/boxtower
-logFile
Logs/AssetImportWorker1.log
-srvPort
1400
Successfully changed project path to: E:/Game with unity/Tower Block/boxtower
E:/Game with unity/Tower Block/boxtower
Using Asset Import Pipeline V2.
Refreshing native plugins compatible for Editor in 88.41 ms, found 3 plugins.
Preloading 0 native plugins for Editor in 0.00 ms.
Initialize engine version: 2021.1.12f1 (afcadd793de6)
[Subsystems] Discovering subsystems at path C:/Program Files/Unity/Hub/Editor/2021.1.12f1/Editor/Data/Resources/UnitySubsystems
[Subsystems] Discovering subsystems at path E:/Game with unity/Tower Block/boxtower/Assets
GfxDevice: creating device client; threaded=0; jobified=0
Direct3D:
    Version:  Direct3D 11.0 [level 11.1]
    Renderer: NVIDIA GeForce MX150 (ID=0x1d10)
    Vendor:   NVIDIA
    VRAM:     1994 MB
    Driver:   23.21.13.8816
Initialize mono
Mono path[0] = 'C:/Program Files/Unity/Hub/Editor/2021.1.12f1/Editor/Data/Managed'
Mono path[1] = 'C:/Program Files/Unity/Hub/Editor/2021.1.12f1/Editor/Data/MonoBleedingEdge/lib/mono/unityjit'
Mono config path = 'C:/Program Files/Unity/Hub/Editor/2021.1.12f1/Editor/Data/MonoBleedingEdge/etc'
Using monoOptions --debugger-agent=transport=dt_socket,embedding=1,server=y,suspend=n,address=127.0.0.1:56792
Begin MonoManager ReloadAssembly
Registering precompiled unity dll's ...
Register platform support module: C:/Program Files/Unity/Hub/Editor/2021.1.12f1/Editor/Data/PlaybackEngines/WebGLSupport/UnityEditor.WebGL.Extensions.dll
Register platform support module: C:/Program Files/Unity/Hub/Editor/2021.1.12f1/Editor/Data/PlaybackEngines/WindowsStandaloneSupport/UnityEditor.WindowsStandalone.Extensions.dll
Registered in 0.002567 seconds.
Native extension for WindowsStandalone target not found
Native extension for WebGL target not found
Refreshing native plugins compatible for Editor in 104.11 ms, found 3 plugins.
Preloading 0 native plugins for Editor in 0.00 ms.
Mono: successfully reloaded assembly
- Completed reload, in  2.180 seconds
Domain Reload Profiling:
	ReloadAssembly (2181ms)
		BeginReloadAssembly (55ms)
			ExecutionOrderSort (0ms)
			DisableScriptedObjects (0ms)
			BackupInstance (0ms)
			ReleaseScriptingObjects (0ms)
			CreateAndSetChildDomain (1ms)
		EndReloadAssembly (634ms)
			LoadAssemblies (53ms)
			RebuildTransferFunctionScriptingTraits (0ms)
			SetupTypeCache (215ms)
			ReleaseScriptCaches (0ms)
			RebuildScriptCaches (38ms)
			SetupLoadedEditorAssemblies (317ms)
				LogAssemblyErrors (0ms)
				InitializePlatformSupportModulesInManaged (8ms)
				SetLoadedEditorAssemblies (0ms)
				RefreshPlugins (104ms)
				BeforeProcessingInitializeOnLoad (3ms)
				ProcessInitializeOnLoadAttributes (162ms)
				ProcessInitializeOnLoadMethodAttributes (39ms)
				AfterProcessingInitializeOnLoad (0ms)
				EditorAssembliesLoaded (0ms)
			ExecutionOrderSort2 (0ms)
			AwakeInstancesAfterBackupRestoration (0ms)
Platform modules already initialized, skipping
Registering precompiled user dll's ...
Registered in 0.005697 seconds.
Begin MonoManager ReloadAssembly
Symbol file LoadedFromMemory doesn't match image E:\Game with unity\Tower Block\boxtower\Library\PackageCache\com.unity.visualscripting@1.6.1\Editor\VisualScripting.Core\Dependencies\YamlDotNet\Unity.VisualScripting.YamlDotNet.dll
Symbol file LoadedFromMemory doesn't match image E:\Game with unity\Tower Block\boxtower\Library\PackageCache\com.unity.visualscripting@1.6.1\Editor\VisualScripting.Core\Dependencies\DotNetZip\Unity.VisualScripting.IonicZip.dll
Native extension for WindowsStandalone target not found
Native extension for WebGL target not found
Refreshing native plugins compatible for Editor in 0.88 ms, found 3 plugins.
Preloading 0 native plugins for Editor in 0.00 ms.
Mono: successfully reloaded assembly
- Completed reload, in  1.410 seconds
Domain Reload Profiling:
	ReloadAssembly (1411ms)
		BeginReloadAssembly (189ms)
			ExecutionOrderSort (0ms)
			DisableScriptedObjects (6ms)
			BackupInstance (0ms)
			ReleaseScriptingObjects (0ms)
			CreateAndSetChildDomain (26ms)
		EndReloadAssembly (1150ms)
			LoadAssemblies (199ms)
			RebuildTransferFunctionScriptingTraits (0ms)
			SetupTypeCache (413ms)
			ReleaseScriptCaches (1ms)
			RebuildScriptCaches (59ms)
			SetupLoadedEditorAssemblies (373ms)
				LogAssemblyErrors (0ms)
				InitializePlatformSupportModulesInManaged (6ms)
				SetLoadedEditorAssemblies (0ms)
				RefreshPlugins (1ms)
				BeforeProcessingInitializeOnLoad (75ms)
				ProcessInitializeOnLoadAttributes (278ms)
				ProcessInitializeOnLoadMethodAttributes (5ms)
				AfterProcessingInitializeOnLoad (7ms)
				EditorAssembliesLoaded (0ms)
			ExecutionOrderSort2 (0ms)
			AwakeInstancesAfterBackupRestoration (8ms)
Platform modules already initialized, skipping
========================================================================
Worker process is ready to serve import requests
Launched and connected shader compiler UnityShaderCompiler.exe after 0.07 seconds
Refreshing native plugins compatible for Editor in 0.70 ms, found 3 plugins.
Preloading 0 native plugins for Editor in 0.00 ms.
Unloading 2942 Unused Serialized files (Serialized files now loaded: 0)
System memory in use before: 105.6 MB.
System memory in use after: 105.8 MB.

Unloading 23 unused Assets to reduce memory usage. Loaded Objects now: 3385.
Total: 3.424900 ms (FindLiveObjects: 0.260400 ms CreateObjectMapping: 0.113700 ms MarkObjects: 2.942200 ms  DeleteObjects: 0.107300 ms)

AssetImportParameters requested are different than current active one (requested -> active):
  custom:framework-win-MediaFoundation: 216162199b28c13a410421893ffa2e32 -> 
  custom:video-decoder-ogg-theora: a1e56fd34408186e4bbccfd4996cb3dc -> 
  custom:container-muxer-webm: aa71ff27fc2769a1b78a27578f13a17b -> 
  custom:container-demuxer-webm: 4f35f7cbe854078d1ac9338744f61a02 -> 
  custom:container-demuxer-ogg: 62fdf1f143b41e24485cea50d1cbac27 -> 
  custom:video-encoder-webm-vp8: eb34c28f22e8b96e1ab97ce403110664 -> 
  custom:video-decoder-webm-vp8: 9c59270c3fd7afecdb556c50c9e8de78 -> 
  custom:audio-decoder-ogg-vorbis: bf7c407c2cedff20999df2af8eb42d56 -> 
  custom:audio-encoder-webm-vorbis: bf7c407c2cedff20999df2af8eb42d56 -> 
========================================================================
Received Import Request.
  path: Assets/BG_01.png
  artifactKey: Guid(1dacd751579912b41a452719ecbada9a) Importer(815301076,1909f56bfc062723c751e8b465ee728b)
Start importing Assets/BG_01.png using Guid(1dacd751579912b41a452719ecbada9a) Importer(815301076,1909f56bfc062723c751e8b465ee728b)  -> (artifact id: '7a601c94413fcfe6ab6102afd5834f28') in 0.528215 seconds 
========================================================================
Received Import Request.
  Time since last request: 56.501569 seconds.
  path: Assets/Background/BG_02.png
  artifactKey: Guid(ee1717480a3335442bb398743993e0f4) Importer(815301076,1909f56bfc062723c751e8b465ee728b)
Start importing Assets/Background/BG_02.png using Guid(ee1717480a3335442bb398743993e0f4) Importer(815301076,1909f56bfc062723c751e8b465ee728b)  -> (artifact id: '368410dd02caec9603076bb3db5615c0') in 0.341194 seconds 
========================================================================
Received Import Request.
  Time since last request: 22.879151 seconds.
  path: Assets/Background/BG_03.png
  artifactKey: Guid(7e7719ba7ac6b404999e50631af26b16) Importer(815301076,1909f56bfc062723c751e8b465ee728b)
Start importing Assets/Background/BG_03.png using Guid(7e7719ba7ac6b404999e50631af26b16) Importer(815301076,1909f56bfc062723c751e8b465ee728b)  -> (artifact id: '44648b727ef1def85292253c17d92928') in 0.356856 seconds 
========================================================================
Received Import Request.
  Time since last request: 22.548984 seconds.
  path: Assets/Background/BG_04.png
  artifactKey: Guid(50e32ccef7b2e3048b54a45495dfe71f) Importer(815301076,1909f56bfc062723c751e8b465ee728b)
Start importing Assets/Background/BG_04.png using Guid(50e32ccef7b2e3048b54a45495dfe71f) Importer(815301076,1909f56bfc062723c751e8b465ee728b)  -> (artifact id: 'bfdef8ed13d482f1c081a1f6b87f99f1') in 0.406674 seconds 
========================================================================
Received Import Request.
  Time since last request: 102.455468 seconds.
  path: Assets/Background/BG_01.png
  artifactKey: Guid(1dacd751579912b41a452719ecbada9a) Importer(815301076,1909f56bfc062723c751e8b465ee728b)
Start importing Assets/Background/BG_01.png using Guid(1dacd751579912b41a452719ecbada9a) Importer(815301076,1909f56bfc062723c751e8b465ee728b)  -> (artifact id: '1a82bdf398c75a431f1cbdc24ed99aa8') in 0.113455 seconds 
========================================================================
Received Import Request.
  Time since last request: 750.284146 seconds.
  path: Assets/Background/Winter
  artifactKey: Guid(e4c8545053db05249aaa23ba4265352b) Importer(815301076,1909f56bfc062723c751e8b465ee728b)
Start importing Assets/Background/Winter using Guid(e4c8545053db05249aaa23ba4265352b) Importer(815301076,1909f56bfc062723c751e8b465ee728b)  -> (artifact id: '59e71240db8fd1588f0d9993ce6e0df1') in 0.009157 seconds 
========================================================================
Received Import Request.
  Time since last request: 9.770127 seconds.
  path: Assets/Background
  artifactKey: Guid(27c85d5f5faed9841a89b32318abc6a2) Importer(815301076,1909f56bfc062723c751e8b465ee728b)
Start importing Assets/Background using Guid(27c85d5f5faed9841a89b32318abc6a2) Importer(815301076,1909f56bfc062723c751e8b465ee728b)  -> (artifact id: '63412a991b93b7ec94b289e1c863394f') in 0.008141 seconds 
========================================================================
Received Import Request.
  Time since last request: 7.079552 seconds.
  path: Assets/Background/Hallowen
  artifactKey: Guid(a541e182b7465e849a8315cd28f7db91) Importer(815301076,1909f56bfc062723c751e8b465ee728b)
Start importing Assets/Background/Hallowen using Guid(a541e182b7465e849a8315cd28f7db91) Importer(815301076,1909f56bfc062723c751e8b465ee728b)  -> (artifact id: 'dbc51285ffc2aecdf5ce57af4c424789') in 0.012815 seconds 
========================================================================
Received Import Request.
  Time since last request: 6.404392 seconds.
  path: Assets/Background/Halloween
  artifactKey: Guid(a541e182b7465e849a8315cd28f7db91) Importer(815301076,1909f56bfc062723c751e8b465ee728b)
Start importing Assets/Background/Halloween using Guid(a541e182b7465e849a8315cd28f7db91) Importer(815301076,1909f56bfc062723c751e8b465ee728b)  -> (artifact id: '467902075fe7acd6fa4d2193f9d80648') in 0.008362 seconds 
========================================================================
Received Import Request.
  Time since last request: 256.244120 seconds.
  path: Assets/Background/Halloween/1_game_background 1.png
  artifactKey: Guid(7ac2afec7a9387742a5fa57aeb3a396f) Importer(815301076,1909f56bfc062723c751e8b465ee728b)
Start importing Assets/Background/Halloween/1_game_background 1.png using Guid(7ac2afec7a9387742a5fa57aeb3a396f) Importer(815301076,1909f56bfc062723c751e8b465ee728b)  -> (artifact id: 'ad14e0743c6c353d5254308c214fe03f') in 0.694726 seconds 
========================================================================
Received Import Request.
  Time since last request: 0.000362 seconds.
  path: Assets/Background/Halloween/1_game_background.png
  artifactKey: Guid(2685fad175fa60f439882eaf29c1a057) Importer(815301076,1909f56bfc062723c751e8b465ee728b)
Start importing Assets/Background/Halloween/1_game_background.png using Guid(2685fad175fa60f439882eaf29c1a057) Importer(815301076,1909f56bfc062723c751e8b465ee728b)  -> (artifact id: 'c253a185e9347de90400da090ed5c5d2') in 0.793416 seconds 
========================================================================
Received Import Request.
  Time since last request: 23.960661 seconds.
  path: Assets/Background/Halloween/2_game_background.png
  artifactKey: Guid(91cff9ffe254e7848bd633dbf89069c1) Importer(815301076,1909f56bfc062723c751e8b465ee728b)
Start importing Assets/Background/Halloween/2_game_background.png using Guid(91cff9ffe254e7848bd633dbf89069c1) Importer(815301076,1909f56bfc062723c751e8b465ee728b)  -> (artifact id: '84238422f7474cd0f1cd430978c19a79') in 0.397508 seconds 
========================================================================
Received Import Request.
  Time since last request: 18.614888 seconds.
  path: Assets/Background/Halloween/3_game_background.png
  artifactKey: Guid(8271936848ce341458d780eb99f7fe56) Importer(815301076,1909f56bfc062723c751e8b465ee728b)
Start importing Assets/Background/Halloween/3_game_background.png using Guid(8271936848ce341458d780eb99f7fe56) Importer(815301076,1909f56bfc062723c751e8b465ee728b)  -> (artifact id: 'f79f75e046125657c0e41f9be8265610') in 0.335570 seconds 
========================================================================
Received Import Request.
  Time since last request: 16.620339 seconds.
  path: Assets/Background/Halloween/4_game_background.png
  artifactKey: Guid(c19eb6dd693332a49974304f15f2a9df) Importer(815301076,1909f56bfc062723c751e8b465ee728b)
Start importing Assets/Background/Halloween/4_game_background.png using Guid(c19eb6dd693332a49974304f15f2a9df) Importer(815301076,1909f56bfc062723c751e8b465ee728b)  -> (artifact id: 'a227f92a623ed4c291d334b314ea05cb') in 0.385985 seconds 
========================================================================
Received Import Request.
  Time since last request: 59.988692 seconds.
  path: Assets/Background/Winter/BG_02.png
  artifactKey: Guid(ee1717480a3335442bb398743993e0f4) Importer(815301076,1909f56bfc062723c751e8b465ee728b)
Start importing Assets/Background/Winter/BG_02.png using Guid(ee1717480a3335442bb398743993e0f4) Importer(815301076,1909f56bfc062723c751e8b465ee728b)  -> (artifact id: '670bac53fe3188e0a4789da9c2ded670') in 0.056273 seconds 
========================================================================
Received Import Request.
  Time since last request: 0.000382 seconds.
  path: Assets/Background/Winter/BG_04.png
  artifactKey: Guid(50e32ccef7b2e3048b54a45495dfe71f) Importer(815301076,1909f56bfc062723c751e8b465ee728b)
Start importing Assets/Background/Winter/BG_04.png using Guid(50e32ccef7b2e3048b54a45495dfe71f) Importer(815301076,1909f56bfc062723c751e8b465ee728b)  -> (artifact id: 'd70b615e1fecc5f4bc1dd0efaa9e9cab') in 0.032251 seconds 
========================================================================
Received Import Request.
  Time since last request: 0.000337 seconds.
  path: Assets/Background/Winter/BG_03.png
  artifactKey: Guid(7e7719ba7ac6b404999e50631af26b16) Importer(815301076,1909f56bfc062723c751e8b465ee728b)
Start importing Assets/Background/Winter/BG_03.png using Guid(7e7719ba7ac6b404999e50631af26b16) Importer(815301076,1909f56bfc062723c751e8b465ee728b)  -> (artifact id: '1024730e8d06ab4b27e6803f0dc77f9d') in 0.028973 seconds 
========================================================================
Received Import Request.
  Time since last request: 8.855894 seconds.
  path: Assets/Background/Halloween/1_game_background.png
  artifactKey: Guid(2685fad175fa60f439882eaf29c1a057) Importer(815301076,1909f56bfc062723c751e8b465ee728b)
Start importing Assets/Background/Halloween/1_game_background.png using Guid(2685fad175fa60f439882eaf29c1a057) Importer(815301076,1909f56bfc062723c751e8b465ee728b)  -> (artifact id: '53d4a6088fba8efba03e5299ec3da823') in 0.024567 seconds 
========================================================================
Received Import Request.
  Time since last request: 0.000335 seconds.
  path: Assets/Background/Halloween/2_game_background.png
  artifactKey: Guid(91cff9ffe254e7848bd633dbf89069c1) Importer(815301076,1909f56bfc062723c751e8b465ee728b)
Start importing Assets/Background/Halloween/2_game_background.png using Guid(91cff9ffe254e7848bd633dbf89069c1) Importer(815301076,1909f56bfc062723c751e8b465ee728b)  -> (artifact id: '40249ac71eecfb38759812ca071d6de5') in 0.029279 seconds 
========================================================================
Received Import Request.
  Time since last request: 0.000338 seconds.
  path: Assets/Background/Halloween/4_game_background.png
  artifactKey: Guid(c19eb6dd693332a49974304f15f2a9df) Importer(815301076,1909f56bfc062723c751e8b465ee728b)
Start importing Assets/Background/Halloween/4_game_background.png using Guid(c19eb6dd693332a49974304f15f2a9df) Importer(815301076,1909f56bfc062723c751e8b465ee728b)  -> (artifact id: '682794008f889e749d51ed1a62d5fccf') in 0.028510 seconds 
========================================================================
Received Import Request.
  Time since last request: 0.000332 seconds.
  path: Assets/Background/Halloween/3_game_background.png
  artifactKey: Guid(8271936848ce341458d780eb99f7fe56) Importer(815301076,1909f56bfc062723c751e8b465ee728b)
Start importing Assets/Background/Halloween/3_game_background.png using Guid(8271936848ce341458d780eb99f7fe56) Importer(815301076,1909f56bfc062723c751e8b465ee728b)  -> (artifact id: '308f7477e731ded2bd0d7f821ee9e708') in 0.028298 seconds 
========================================================================
Received Import Request.
  Time since last request: 1274.932774 seconds.
  path: Assets/BoxTexture
  artifactKey: Guid(ed7ff792bfe7f394790df35b57060a48) Importer(815301076,1909f56bfc062723c751e8b465ee728b)
Start importing Assets/BoxTexture using Guid(ed7ff792bfe7f394790df35b57060a48) Importer(815301076,1909f56bfc062723c751e8b465ee728b)  -> (artifact id: '91cd13ed6d6c0cf3ce511eb9320b7b51') in 0.013034 seconds 
========================================================================
Received Import Request.
  Time since last request: 56.582896 seconds.
  path: Assets/BoxTexture/cube.png
  artifactKey: Guid(70fe6016aa32e694692bbcac0e445058) Importer(815301076,1909f56bfc062723c751e8b465ee728b)
Start importing Assets/BoxTexture/cube.png using Guid(70fe6016aa32e694692bbcac0e445058) Importer(815301076,1909f56bfc062723c751e8b465ee728b)  -> (artifact id: '9bc732a50faf33ef5ca1868703668fd6') in 0.043416 seconds 
========================================================================
Received Import Request.
  Time since last request: 23.924886 seconds.
  path: Assets/BoxTexture/cube.png
  artifactKey: Guid(70fe6016aa32e694692bbcac0e445058) Importer(815301076,1909f56bfc062723c751e8b465ee728b)
Start importing Assets/BoxTexture/cube.png using Guid(70fe6016aa32e694692bbcac0e445058) Importer(815301076,1909f56bfc062723c751e8b465ee728b)  -> (artifact id: 'd0f274388d58c3782157c266cd9b36b7') in 0.027121 seconds 
========================================================================
Received Import Request.
  Time since last request: 80.974536 seconds.
  path: Assets/bu3-tgrg-7-hd-3m-x-3m-cube-with-french-doors.fbx
  artifactKey: Guid(1671a7c87543b9e47b02b228eef0aaf2) Importer(815301076,1909f56bfc062723c751e8b465ee728b)
Start importing Assets/bu3-tgrg-7-hd-3m-x-3m-cube-with-french-doors.fbx using Guid(1671a7c87543b9e47b02b228eef0aaf2) Importer(815301076,1909f56bfc062723c751e8b465ee728b)  -> (artifact id: '98e8082b1664e733703b6fa3b3c11b6e') in 0.689806 seconds 
========================================================================
Received Import Request.
  Time since last request: 17.679337 seconds.
  path: Assets/home.fbx
  artifactKey: Guid(1671a7c87543b9e47b02b228eef0aaf2) Importer(815301076,1909f56bfc062723c751e8b465ee728b)
Start importing Assets/home.fbx using Guid(1671a7c87543b9e47b02b228eef0aaf2) Importer(815301076,1909f56bfc062723c751e8b465ee728b)  -> (artifact id: 'fc3b9cfb91ac6506a09f35bfacf9d3b8') in 0.209122 seconds 
========================================================================
Received Import Request.
  Time since last request: 45.075199 seconds.
  path: Assets/home.fbx
  artifactKey: Guid(1671a7c87543b9e47b02b228eef0aaf2) Importer(815301076,1909f56bfc062723c751e8b465ee728b)
Start importing Assets/home.fbx using Guid(1671a7c87543b9e47b02b228eef0aaf2) Importer(815301076,1909f56bfc062723c751e8b465ee728b)  -> (artifact id: '68a474df5f15e64369dfde54de45f791') in 0.169724 seconds 
========================================================================
Received Import Request.
  Time since last request: 2.160359 seconds.
  path: Assets/Textures/ceiling.mat
  artifactKey: Guid(cc842354363d9b74f946134b1c6d8b27) Importer(815301076,1909f56bfc062723c751e8b465ee728b)
Start importing Assets/Textures/ceiling.mat using Guid(cc842354363d9b74f946134b1c6d8b27) Importer(815301076,1909f56bfc062723c751e8b465ee728b)  -> (artifact id: '4b82b2887353bc3c6c3f516c493cf477') in 0.076478 seconds 
========================================================================
Received Import Request.
  Time since last request: 0.000297 seconds.
  path: Assets/Textures/Dull Plastic.mat
  artifactKey: Guid(172ed707f62fa154e806becea3c107b1) Importer(815301076,1909f56bfc062723c751e8b465ee728b)
Start importing Assets/Textures/Dull Plastic.mat using Guid(172ed707f62fa154e806becea3c107b1) Importer(815301076,1909f56bfc062723c751e8b465ee728b)  -> (artifact id: 'bbc18373f12384867b7688ec27908c84') in 0.019182 seconds 
========================================================================
Received Import Request.
  Time since last request: 0.000607 seconds.
  path: Assets/Textures/wall_beige.mat
  artifactKey: Guid(a1968a0a58eed2343b8f3d88b81c42ac) Importer(815301076,1909f56bfc062723c751e8b465ee728b)
Start importing Assets/Textures/wall_beige.mat using Guid(a1968a0a58eed2343b8f3d88b81c42ac) Importer(815301076,1909f56bfc062723c751e8b465ee728b)  -> (artifact id: '5d0673c88f6c15ab650eb2c4e9bf6e1b') in 0.016195 seconds 
========================================================================
Received Import Request.
  Time since last request: 0.000248 seconds.
  path: Assets/Textures/Wood.mat
  artifactKey: Guid(f323f74605c6e084c898d895676a9b71) Importer(815301076,1909f56bfc062723c751e8b465ee728b)
Start importing Assets/Textures/Wood.mat using Guid(f323f74605c6e084c898d895676a9b71) Importer(815301076,1909f56bfc062723c751e8b465ee728b)  -> (artifact id: 'ede599767a66cf9ae1ca7e8e325bb747') in 0.037509 seconds 
========================================================================
Received Import Request.
  Time since last request: 0.000604 seconds.
  path: Assets/Textures/Metal Brushed.mat
  artifactKey: Guid(a09d7c7c62c1114489d72a0aa26260d4) Importer(815301076,1909f56bfc062723c751e8b465ee728b)
Start importing Assets/Textures/Metal Brushed.mat using Guid(a09d7c7c62c1114489d72a0aa26260d4) Importer(815301076,1909f56bfc062723c751e8b465ee728b)  -> (artifact id: 'cadca9cc17c7d43c6155e9a46f221873') in 0.056245 seconds 
========================================================================
Received Import Request.
  Time since last request: 0.000347 seconds.
  path: Assets/Textures/tg_Solid_Glass_0_14.mat
  artifactKey: Guid(c3ac45a133963fe46a44a2ba0e313376) Importer(815301076,1909f56bfc062723c751e8b465ee728b)
Start importing Assets/Textures/tg_Solid_Glass_0_14.mat using Guid(c3ac45a133963fe46a44a2ba0e313376) Importer(815301076,1909f56bfc062723c751e8b465ee728b)  -> (artifact id: 'b3015d2c612152736f6b317f1c3b0f51') in 0.045235 seconds 
========================================================================
Received Import Request.
  Time since last request: 0.000347 seconds.
  path: Assets/Textures/mt__Metal_Corrogated_Shiny_1.mat
  artifactKey: Guid(b2ca7644e96feff48b93e9254d707f66) Importer(815301076,1909f56bfc062723c751e8b465ee728b)
Start importing Assets/Textures/mt__Metal_Corrogated_Shiny_1.mat using Guid(b2ca7644e96feff48b93e9254d707f66) Importer(815301076,1909f56bfc062723c751e8b465ee728b)  -> (artifact id: '70f802edeb2944fa24c595255b296cd3') in 0.021266 seconds 
========================================================================
Received Import Request.
  Time since last request: 0.000386 seconds.
  path: Assets/Textures/Grass.mat
  artifactKey: Guid(e4939c419385464448b5deaf16b41218) Importer(815301076,1909f56bfc062723c751e8b465ee728b)
Start importing Assets/Textures/Grass.mat using Guid(e4939c419385464448b5deaf16b41218) Importer(815301076,1909f56bfc062723c751e8b465ee728b)  -> (artifact id: '9a7b68973fa21f8c688c20b7c43ab953') in 0.019724 seconds 
========================================================================
Received Import Request.
  Time since last request: 0.000378 seconds.
  path: Assets/Textures/Wood Light.mat
  artifactKey: Guid(36dda5019ed834a46b3030797fa6e36d) Importer(815301076,1909f56bfc062723c751e8b465ee728b)
Start importing Assets/Textures/Wood Light.mat using Guid(36dda5019ed834a46b3030797fa6e36d) Importer(815301076,1909f56bfc062723c751e8b465ee728b)  -> (artifact id: '7d0f3ffcecfef83751952730c53627ee') in 0.015459 seconds 
========================================================================
Received Import Request.
  Time since last request: 0.000360 seconds.
  path: Assets/Textures/Wood Light2.mat
  artifactKey: Guid(eb734ee6d322e194da88bb4f692fc694) Importer(815301076,1909f56bfc062723c751e8b465ee728b)
Start importing Assets/Textures/Wood Light2.mat using Guid(eb734ee6d322e194da88bb4f692fc694) Importer(815301076,1909f56bfc062723c751e8b465ee728b)  -> (artifact id: 'f01f598f9af208c2f8aee8f69fe58ec3') in 0.020039 seconds 
========================================================================
Received Import Request.
  Time since last request: 0.000348 seconds.
  path: Assets/Textures/Silver.mat
  artifactKey: Guid(9460994c60f66dc4891814afa5786396) Importer(815301076,1909f56bfc062723c751e8b465ee728b)
Start importing Assets/Textures/Silver.mat using Guid(9460994c60f66dc4891814afa5786396) Importer(815301076,1909f56bfc062723c751e8b465ee728b)  -> (artifact id: '9b9c4933c56c8066d3f179d5083bdcef') in 0.020405 seconds 
========================================================================
Received Prepare
Registering precompiled user dll's ...
Registered in 0.033778 seconds.
Begin MonoManager ReloadAssembly
Symbol file LoadedFromMemory doesn't match image E:\Game with unity\Tower Block\boxtower\Library\PackageCache\com.unity.visualscripting@1.6.1\Editor\VisualScripting.Core\Dependencies\YamlDotNet\Unity.VisualScripting.YamlDotNet.dll
Symbol file LoadedFromMemory doesn't match image E:\Game with unity\Tower Block\boxtower\Library\PackageCache\com.unity.visualscripting@1.6.1\Editor\VisualScripting.Core\Dependencies\DotNetZip\Unity.VisualScripting.IonicZip.dll
Native extension for WindowsStandalone target not found
Native extension for WebGL target not found
Refreshing native plugins compatible for Editor in 0.60 ms, found 3 plugins.
Preloading 0 native plugins for Editor in 0.00 ms.
Mono: successfully reloaded assembly
- Completed reload, in  1.572 seconds
Domain Reload Profiling:
	ReloadAssembly (1574ms)
		BeginReloadAssembly (153ms)
			ExecutionOrderSort (0ms)
			DisableScriptedObjects (6ms)
			BackupInstance (0ms)
			ReleaseScriptingObjects (0ms)
			CreateAndSetChildDomain (43ms)
		EndReloadAssembly (1351ms)
			LoadAssemblies (135ms)
			RebuildTransferFunctionScriptingTraits (1ms)
			SetupTypeCache (497ms)
			ReleaseScriptCaches (1ms)
			RebuildScriptCaches (46ms)
			SetupLoadedEditorAssemblies (392ms)
				LogAssemblyErrors (0ms)
				InitializePlatformSupportModulesInManaged (7ms)
				SetLoadedEditorAssemblies (1ms)
				RefreshPlugins (1ms)
				BeforeProcessingInitializeOnLoad (57ms)
				ProcessInitializeOnLoadAttributes (305ms)
				ProcessInitializeOnLoadMethodAttributes (7ms)
				AfterProcessingInitializeOnLoad (14ms)
				EditorAssembliesLoaded (0ms)
			ExecutionOrderSort2 (0ms)
			AwakeInstancesAfterBackupRestoration (19ms)
Platform modules already initialized, skipping
Switching build target platform(19) subTarget(0) extendedPlatform(0) -> platform(9) subTarget(16777218) extendedPlatform(0)
Refreshing native plugins compatible for Editor in 0.67 ms, found 3 plugins.
Preloading 0 native plugins for Editor in 0.00 ms.
Unloading 2948 Unused Serialized files (Serialized files now loaded: 0)
System memory in use before: 165.6 MB.
System memory in use after: 165.8 MB.

Unloading 18 unused Assets to reduce memory usage. Loaded Objects now: 3708.
Total: 4.295600 ms (FindLiveObjects: 0.275800 ms CreateObjectMapping: 0.131800 ms MarkObjects: 3.792900 ms  DeleteObjects: 0.093700 ms)

AssetImportParameters requested are different than current active one (requested -> active):
  custom:framework-win-MediaFoundation: 216162199b28c13a410421893ffa2e32 -> 
  custom:video-decoder-ogg-theora: a1e56fd34408186e4bbccfd4996cb3dc -> 
  custom:container-muxer-webm: aa71ff27fc2769a1b78a27578f13a17b -> 
  custom:container-demuxer-webm: 4f35f7cbe854078d1ac9338744f61a02 -> 
  custom:container-demuxer-ogg: 62fdf1f143b41e24485cea50d1cbac27 -> 
  custom:video-encoder-webm-vp8: eb34c28f22e8b96e1ab97ce403110664 -> 
  custom:video-decoder-webm-vp8: 9c59270c3fd7afecdb556c50c9e8de78 -> 
  custom:graphics/normal-map-encoding: 01000000000000000000000000000000 -> 02000000000000000000000000000000
  custom:audio-decoder-ogg-vorbis: bf7c407c2cedff20999df2af8eb42d56 -> 
  custom:audio-encoder-webm-vorbis: bf7c407c2cedff20999df2af8eb42d56 -> 
========================================================================
Received Prepare
Registering precompiled user dll's ...
Registered in 0.145327 seconds.
Begin MonoManager ReloadAssembly
Symbol file LoadedFromMemory doesn't match image E:\Game with unity\Tower Block\boxtower\Library\PackageCache\com.unity.visualscripting@1.6.1\Editor\VisualScripting.Core\Dependencies\YamlDotNet\Unity.VisualScripting.YamlDotNet.dll
Symbol file LoadedFromMemory doesn't match image E:\Game with unity\Tower Block\boxtower\Library\PackageCache\com.unity.visualscripting@1.6.1\Editor\VisualScripting.Core\Dependencies\DotNetZip\Unity.VisualScripting.IonicZip.dll
Native extension for WindowsStandalone target not found
Native extension for WebGL target not found
Refreshing native plugins compatible for Editor in 0.68 ms, found 3 plugins.
Preloading 0 native plugins for Editor in 0.00 ms.
Mono: successfully reloaded assembly
- Completed reload, in  2.239 seconds
Domain Reload Profiling:
	ReloadAssembly (2240ms)
		BeginReloadAssembly (147ms)
			ExecutionOrderSort (0ms)
			DisableScriptedObjects (12ms)
			BackupInstance (0ms)
			ReleaseScriptingObjects (0ms)
			CreateAndSetChildDomain (45ms)
		EndReloadAssembly (2005ms)
			LoadAssemblies (764ms)
			RebuildTransferFunctionScriptingTraits (0ms)
			SetupTypeCache (587ms)
			ReleaseScriptCaches (1ms)
			RebuildScriptCaches (57ms)
			SetupLoadedEditorAssemblies (404ms)
				LogAssemblyErrors (0ms)
				InitializePlatformSupportModulesInManaged (8ms)
				SetLoadedEditorAssemblies (1ms)
				RefreshPlugins (1ms)
				BeforeProcessingInitializeOnLoad (67ms)
				ProcessInitializeOnLoadAttributes (313ms)
				ProcessInitializeOnLoadMethodAttributes (5ms)
				AfterProcessingInitializeOnLoad (8ms)
				EditorAssembliesLoaded (0ms)
			ExecutionOrderSort2 (0ms)
			AwakeInstancesAfterBackupRestoration (20ms)
Platform modules already initialized, skipping
Switching build target platform(19) subTarget(0) extendedPlatform(0) -> platform(9) subTarget(16777218) extendedPlatform(0)
Refreshing native plugins compatible for Editor in 0.76 ms, found 3 plugins.
Preloading 0 native plugins for Editor in 0.00 ms.
Unloading 2940 Unused Serialized files (Serialized files now loaded: 0)
System memory in use before: 165.3 MB.
System memory in use after: 165.5 MB.

Unloading 18 unused Assets to reduce memory usage. Loaded Objects now: 3711.
Total: 4.388200 ms (FindLiveObjects: 0.364900 ms CreateObjectMapping: 0.321500 ms MarkObjects: 3.631200 ms  DeleteObjects: 0.068700 ms)

AssetImportParameters requested are different than current active one (requested -> active):
  custom:framework-win-MediaFoundation: 216162199b28c13a410421893ffa2e32 -> 
  custom:video-decoder-ogg-theora: a1e56fd34408186e4bbccfd4996cb3dc -> 
  custom:container-muxer-webm: aa71ff27fc2769a1b78a27578f13a17b -> 
  custom:container-demuxer-webm: 4f35f7cbe854078d1ac9338744f61a02 -> 
  custom:container-demuxer-ogg: 62fdf1f143b41e24485cea50d1cbac27 -> 
  custom:video-encoder-webm-vp8: eb34c28f22e8b96e1ab97ce403110664 -> 
  custom:video-decoder-webm-vp8: 9c59270c3fd7afecdb556c50c9e8de78 -> 
  custom:graphics/normal-map-encoding: 01000000000000000000000000000000 -> 02000000000000000000000000000000
  custom:audio-decoder-ogg-vorbis: bf7c407c2cedff20999df2af8eb42d56 -> 
  custom:audio-encoder-webm-vorbis: bf7c407c2cedff20999df2af8eb42d56 -> 
========================================================================
Received Import Request.
  Time since last request: 960.280509 seconds.
  path: Assets/Textures/Texture1.png
  artifactKey: Guid(d5038277df220124d9ae76f84162d843) Importer(815301076,1909f56bfc062723c751e8b465ee728b)
Start importing Assets/Textures/Texture1.png using Guid(d5038277df220124d9ae76f84162d843) Importer(815301076,1909f56bfc062723c751e8b465ee728b)  -> (artifact id: '7649f00b62e02ef643b02bcb1f470df2') in 0.137054 seconds 
========================================================================
Received Prepare
Registering precompiled user dll's ...
Registered in 0.005374 seconds.
Begin MonoManager ReloadAssembly
Symbol file LoadedFromMemory doesn't match image E:\Game with unity\Tower Block\boxtower\Library\PackageCache\com.unity.visualscripting@1.6.1\Editor\VisualScripting.Core\Dependencies\YamlDotNet\Unity.VisualScripting.YamlDotNet.dll
Symbol file LoadedFromMemory doesn't match image E:\Game with unity\Tower Block\boxtower\Library\PackageCache\com.unity.visualscripting@1.6.1\Editor\VisualScripting.Core\Dependencies\DotNetZip\Unity.VisualScripting.IonicZip.dll
Native extension for WindowsStandalone target not found
Native extension for WebGL target not found
Refreshing native plugins compatible for Editor in 0.69 ms, found 3 plugins.
Preloading 0 native plugins for Editor in 0.00 ms.
Mono: successfully reloaded assembly
- Completed reload, in  1.211 seconds
Domain Reload Profiling:
	ReloadAssembly (1211ms)
		BeginReloadAssembly (141ms)
			ExecutionOrderSort (0ms)
			DisableScriptedObjects (8ms)
			BackupInstance (0ms)
			ReleaseScriptingObjects (0ms)
			CreateAndSetChildDomain (48ms)
		EndReloadAssembly (1000ms)
			LoadAssemblies (103ms)
			RebuildTransferFunctionScriptingTraits (0ms)
			SetupTypeCache (376ms)
			ReleaseScriptCaches (1ms)
			RebuildScriptCaches (44ms)
			SetupLoadedEditorAssemblies (333ms)
				LogAssemblyErrors (0ms)
				InitializePlatformSupportModulesInManaged (6ms)
				SetLoadedEditorAssemblies (0ms)
				RefreshPlugins (1ms)
				BeforeProcessingInitializeOnLoad (55ms)
				ProcessInitializeOnLoadAttributes (257ms)
				ProcessInitializeOnLoadMethodAttributes (5ms)
				AfterProcessingInitializeOnLoad (8ms)
				EditorAssembliesLoaded (0ms)
			ExecutionOrderSort2 (0ms)
			AwakeInstancesAfterBackupRestoration (19ms)
Platform modules already initialized, skipping
Switching build target platform(19) subTarget(0) extendedPlatform(0) -> platform(9) subTarget(16777218) extendedPlatform(0)
Refreshing native plugins compatible for Editor in 0.60 ms, found 3 plugins.
Preloading 0 native plugins for Editor in 0.00 ms.
Unloading 2941 Unused Serialized files (Serialized files now loaded: 0)
System memory in use before: 165.8 MB.
System memory in use after: 166.0 MB.

Unloading 18 unused Assets to reduce memory usage. Loaded Objects now: 3731.
Total: 3.050900 ms (FindLiveObjects: 0.271200 ms CreateObjectMapping: 0.120200 ms MarkObjects: 2.584500 ms  DeleteObjects: 0.074100 ms)

AssetImportParameters requested are different than current active one (requested -> active):
  custom:framework-win-MediaFoundation: 216162199b28c13a410421893ffa2e32 -> 
  custom:video-decoder-ogg-theora: a1e56fd34408186e4bbccfd4996cb3dc -> 
  custom:container-muxer-webm: aa71ff27fc2769a1b78a27578f13a17b -> 
  custom:container-demuxer-webm: 4f35f7cbe854078d1ac9338744f61a02 -> 
  custom:container-demuxer-ogg: 62fdf1f143b41e24485cea50d1cbac27 -> 
  custom:video-encoder-webm-vp8: eb34c28f22e8b96e1ab97ce403110664 -> 
  custom:video-decoder-webm-vp8: 9c59270c3fd7afecdb556c50c9e8de78 -> 
  custom:graphics/normal-map-encoding: 01000000000000000000000000000000 -> 02000000000000000000000000000000
  custom:audio-decoder-ogg-vorbis: bf7c407c2cedff20999df2af8eb42d56 -> 
  custom:audio-encoder-webm-vorbis: bf7c407c2cedff20999df2af8eb42d56 -> 
========================================================================
Received Import Request.
  Time since last request: 1596.615692 seconds.
  path: Assets/Textures/Block1.png
  artifactKey: Guid(04c76074905fdb445a68e7daa7db97a7) Importer(815301076,1909f56bfc062723c751e8b465ee728b)
Start importing Assets/Textures/Block1.png using Guid(04c76074905fdb445a68e7daa7db97a7) Importer(815301076,1909f56bfc062723c751e8b465ee728b)  -> (artifact id: '30852a589ffa0b3cc60f3a9d60469f29') in 0.050814 seconds 
========================================================================
Received Import Request.
  Time since last request: 9.196436 seconds.
  path: Assets/Textures/Block1 1.png
  artifactKey: Guid(636ae8fea964d3645af1e50008a58882) Importer(815301076,1909f56bfc062723c751e8b465ee728b)
Start importing Assets/Textures/Block1 1.png using Guid(636ae8fea964d3645af1e50008a58882) Importer(815301076,1909f56bfc062723c751e8b465ee728b)  -> (artifact id: 'bf84107eca8553398ae1663cab1b0c9b') in 0.018159 seconds 
========================================================================
Received Import Request.
  Time since last request: 1.952466 seconds.
  path: Assets/Textures/Block3.png
  artifactKey: Guid(76a9d3f083337964083c2c14de3a0cd1) Importer(815301076,1909f56bfc062723c751e8b465ee728b)
Start importing Assets/Textures/Block3.png using Guid(76a9d3f083337964083c2c14de3a0cd1) Importer(815301076,1909f56bfc062723c751e8b465ee728b)  -> (artifact id: '4c8402870608256d46d856e737748e3e') in 0.016451 seconds 
========================================================================
Received Import Request.
  Time since last request: 4.462543 seconds.
  path: Assets/Textures/Block2.png
  artifactKey: Guid(f82f2c6e97147234b8a1f31430099df3) Importer(815301076,1909f56bfc062723c751e8b465ee728b)
Start importing Assets/Textures/Block2.png using Guid(f82f2c6e97147234b8a1f31430099df3) Importer(815301076,1909f56bfc062723c751e8b465ee728b)  -> (artifact id: '23c326b3693fd893f525885bfe8fad6f') in 0.016026 seconds 
========================================================================
Received Import Request.
  Time since last request: 25.103418 seconds.
  path: Assets/Textures/Block1.png
  artifactKey: Guid(04c76074905fdb445a68e7daa7db97a7) Importer(815301076,1909f56bfc062723c751e8b465ee728b)
Start importing Assets/Textures/Block1.png using Guid(04c76074905fdb445a68e7daa7db97a7) Importer(815301076,1909f56bfc062723c751e8b465ee728b)  -> (artifact id: 'f632854f1dcf8c0f12a910140480b4ec') in 0.066707 seconds 
========================================================================
Received Import Request.
  Time since last request: 0.000344 seconds.
  path: Assets/Textures/Block2.png
  artifactKey: Guid(f82f2c6e97147234b8a1f31430099df3) Importer(815301076,1909f56bfc062723c751e8b465ee728b)
Start importing Assets/Textures/Block2.png using Guid(f82f2c6e97147234b8a1f31430099df3) Importer(815301076,1909f56bfc062723c751e8b465ee728b)  -> (artifact id: 'ff91344ecf2863337af7ed7e4a1a2343') in 0.039920 seconds 
========================================================================
Received Import Request.
  Time since last request: 0.000567 seconds.
  path: Assets/Textures/Block3.png
  artifactKey: Guid(76a9d3f083337964083c2c14de3a0cd1) Importer(815301076,1909f56bfc062723c751e8b465ee728b)
Start importing Assets/Textures/Block3.png using Guid(76a9d3f083337964083c2c14de3a0cd1) Importer(815301076,1909f56bfc062723c751e8b465ee728b)  -> (artifact id: 'aff4b5ebf00a1213f81bfe6f87a46aad') in 0.028172 seconds 
========================================================================
Received Prepare
Registering precompiled user dll's ...
Registered in 0.125720 seconds.
Begin MonoManager ReloadAssembly
Symbol file LoadedFromMemory doesn't match image E:\Game with unity\Tower Block\boxtower\Library\PackageCache\com.unity.visualscripting@1.6.1\Editor\VisualScripting.Core\Dependencies\YamlDotNet\Unity.VisualScripting.YamlDotNet.dll
Symbol file LoadedFromMemory doesn't match image E:\Game with unity\Tower Block\boxtower\Library\PackageCache\com.unity.visualscripting@1.6.1\Editor\VisualScripting.Core\Dependencies\DotNetZip\Unity.VisualScripting.IonicZip.dll
Native extension for WindowsStandalone target not found
Native extension for WebGL target not found
Refreshing native plugins compatible for Editor in 0.58 ms, found 3 plugins.
Preloading 0 native plugins for Editor in 0.00 ms.
Mono: successfully reloaded assembly
- Completed reload, in  1.186 seconds
Domain Reload Profiling:
	ReloadAssembly (1186ms)
		BeginReloadAssembly (116ms)
			ExecutionOrderSort (0ms)
			DisableScriptedObjects (7ms)
			BackupInstance (0ms)
			ReleaseScriptingObjects (0ms)
			CreateAndSetChildDomain (38ms)
		EndReloadAssembly (1000ms)
			LoadAssemblies (90ms)
			RebuildTransferFunctionScriptingTraits (0ms)
			SetupTypeCache (382ms)
			ReleaseScriptCaches (1ms)
			RebuildScriptCaches (46ms)
			SetupLoadedEditorAssemblies (329ms)
				LogAssemblyErrors (0ms)
				InitializePlatformSupportModulesInManaged (6ms)
				SetLoadedEditorAssemblies (0ms)
				RefreshPlugins (1ms)
				BeforeProcessingInitializeOnLoad (55ms)
				ProcessInitializeOnLoadAttributes (255ms)
				ProcessInitializeOnLoadMethodAttributes (4ms)
				AfterProcessingInitializeOnLoad (7ms)
				EditorAssembliesLoaded (0ms)
			ExecutionOrderSort2 (0ms)
			AwakeInstancesAfterBackupRestoration (16ms)
Platform modules already initialized, skipping
Switching build target platform(19) subTarget(0) extendedPlatform(0) -> platform(9) subTarget(16777218) extendedPlatform(0)
Refreshing native plugins compatible for Editor in 0.63 ms, found 3 plugins.
Preloading 0 native plugins for Editor in 0.00 ms.
Unloading 2943 Unused Serialized files (Serialized files now loaded: 0)
System memory in use before: 168.7 MB.
System memory in use after: 168.9 MB.

Unloading 18 unused Assets to reduce memory usage. Loaded Objects now: 3836.
Total: 3.188200 ms (FindLiveObjects: 0.283600 ms CreateObjectMapping: 0.106400 ms MarkObjects: 2.700400 ms  DeleteObjects: 0.096900 ms)

AssetImportParameters requested are different than current active one (requested -> active):
  custom:framework-win-MediaFoundation: 216162199b28c13a410421893ffa2e32 -> 
  custom:video-decoder-ogg-theora: a1e56fd34408186e4bbccfd4996cb3dc -> 
  custom:container-muxer-webm: aa71ff27fc2769a1b78a27578f13a17b -> 
  custom:container-demuxer-webm: 4f35f7cbe854078d1ac9338744f61a02 -> 
  custom:container-demuxer-ogg: 62fdf1f143b41e24485cea50d1cbac27 -> 
  custom:video-encoder-webm-vp8: eb34c28f22e8b96e1ab97ce403110664 -> 
  custom:video-decoder-webm-vp8: 9c59270c3fd7afecdb556c50c9e8de78 -> 
  custom:graphics/normal-map-encoding: 01000000000000000000000000000000 -> 02000000000000000000000000000000
  custom:audio-decoder-ogg-vorbis: bf7c407c2cedff20999df2af8eb42d56 -> 
  custom:audio-encoder-webm-vorbis: bf7c407c2cedff20999df2af8eb42d56 -> 
AssetImportWorkerClient::OnTransportError - code=2 error=End of file
